#
# A fatal error has been detected by the Java Runtime Environment:
#
#  Internal Error (javaClasses.cpp:126), pid=1444, tid=352
#  fatal error: Invalid layout of preloaded class
#
# JRE version:  (8.0_25-b18) (build )
# Java VM: Java HotSpot(TM) 64-Bit Server VM (25.25-b02 mixed mode windows-amd64 compressed oops)
# Failed to write core dump. Minidumps are not enabled by default on client versions of Windows
#
# If you would like to submit a bug report, please visit:
#   http://bugreport.sun.com/bugreport/crash.jsp
#

---------------  T H R E A D  ---------------

Current thread (0x0000000001d5e000):  JavaThread "Unknown thread" [_thread_in_vm, id=352, stack(0x0000000002300000,0x0000000002400000)]

Stack: [0x0000000002300000,0x0000000002400000]
Native frames: (J=compiled Java code, j=interpreted, Vv=VM code, C=native code)
V  [jvm.dll+0x31667a]
V  [jvm.dll+0x267073]
V  [jvm.dll+0x267cb3]
V  [jvm.dll+0x25f536]
V  [jvm.dll+0x5e773]
V  [jvm.dll+0x5e863]
V  [jvm.dll+0x731ca]
V  [jvm.dll+0x73528]
V  [jvm.dll+0xe48b7]
V  [jvm.dll+0xe4c46]
V  [jvm.dll+0x1f9ae7]
V  [jvm.dll+0x22b2e4]
V  [jvm.dll+0x14d571]
C  [javaw.exe+0x20c6]
C  [javaw.exe+0xc9eb]
C  [javaw.exe+0xca7f]
C  [kernel32.dll+0x1f56d]
C  [ntdll.dll+0x33281]


---------------  P R O C E S S  ---------------

Java Threads: ( => current thread )

Other Threads:

=>0x0000000001d5e000 (exited) JavaThread "Unknown thread" [_thread_in_vm, id=352, stack(0x0000000002300000,0x0000000002400000)]

VM state:not at safepoint (not fully initialized)

VM Mutex/Monitor currently owned by a thread: None

GC Heap History (0 events):
No events

Deoptimization events (0 events):
No events

Internal exceptions (0 events):
No events

Events (10 events):
Event: 0.104 loading class java/lang/CharSequence done
Event: 0.105 loading class java/lang/String done
Event: 0.105 loading class java/lang/Class
Event: 0.105 loading class java/lang/reflect/AnnotatedElement
Event: 0.105 loading class java/lang/reflect/AnnotatedElement done
Event: 0.105 loading class java/lang/reflect/GenericDeclaration
Event: 0.105 loading class java/lang/reflect/GenericDeclaration done
Event: 0.105 loading class java/lang/reflect/Type
Event: 0.105 loading class java/lang/reflect/Type done
Event: 0.105 loading class java/lang/Class done


Dynamic libraries:
0x000000013f7d0000 - 0x000000013f804000 	C:\Program Files\Java\jre1.8.0_25\bin\javaw.exe
0x0000000077ab0000 - 0x0000000077c5b000 	C:\Windows\SYSTEM32\ntdll.dll
0x0000000077990000 - 0x0000000077aaf000 	C:\Windows\system32\kernel32.dll
0x000007fefdba0000 - 0x000007fefdc0b000 	C:\Windows\system32\KERNELBASE.dll
0x000007feff420000 - 0x000007feff4fb000 	C:\Windows\system32\ADVAPI32.dll
0x000007feff980000 - 0x000007feffa1f000 	C:\Windows\system32\msvcrt.dll
0x000007fefeea0000 - 0x000007fefeebf000 	C:\Windows\SYSTEM32\sechost.dll
0x000007feff850000 - 0x000007feff97e000 	C:\Windows\system32\RPCRT4.dll
0x0000000077890000 - 0x000000007798a000 	C:\Windows\system32\USER32.dll
0x000007feff230000 - 0x000007feff297000 	C:\Windows\system32\GDI32.dll
0x000007fefde30000 - 0x000007fefde3e000 	C:\Windows\system32\LPK.dll
0x000007fefdf70000 - 0x000007fefe03a000 	C:\Windows\system32\USP10.dll
0x000007fefc4c0000 - 0x000007fefc6b4000 	C:\Windows\WinSxS\amd64_microsoft.windows.common-controls_6595b64144ccf1df_6.0.7600.16385_none_fa645303170382f6\COMCTL32.dll
0x000007fefe040000 - 0x000007fefe0b1000 	C:\Windows\system32\SHLWAPI.dll
0x000007feff820000 - 0x000007feff84e000 	C:\Windows\system32\IMM32.DLL
0x000007feffa20000 - 0x000007feffb29000 	C:\Windows\system32\MSCTF.dll
0x00000000752c0000 - 0x0000000075392000 	C:\Program Files\Java\jre1.8.0_25\bin\msvcr100.dll
0x000000006e170000 - 0x000000006e9ca000 	C:\Program Files\Java\jre1.8.0_25\bin\server\jvm.dll
0x000007fefa520000 - 0x000007fefa529000 	C:\Windows\system32\WSOCK32.dll
0x000007fefe0c0000 - 0x000007fefe10d000 	C:\Windows\system32\WS2_32.dll
0x000007feff180000 - 0x000007feff188000 	C:\Windows\system32\NSI.dll
0x000007fefbbf0000 - 0x000007fefbc2b000 	C:\Windows\system32\WINMM.dll
0x0000000077c80000 - 0x0000000077c87000 	C:\Windows\system32\PSAPI.DLL
0x0000000075470000 - 0x000000007547f000 	C:\Program Files\Java\jre1.8.0_25\bin\verify.dll
0x0000000075440000 - 0x0000000075468000 	C:\Program Files\Java\jre1.8.0_25\bin\java.dll
0x0000000075420000 - 0x0000000075436000 	C:\Program Files\Java\jre1.8.0_25\bin\zip.dll
0x000007fef4470000 - 0x000007fef4595000 	C:\Windows\system32\dbghelp.dll

VM Arguments:
jvm_args: -Dfile.encoding=Cp1252 -Xbootclasspath:D:\10032015\android-sdk-windows\android-sdk-windows\platforms\android-17\android.jar 
java_command: com.iodapp.model.Content_Model
java_class_path (initial): D:\10032015\PinalKumar\Project\NewIODApp\bin\classes;D:\10032015\PinalKumar\Project\NewIODApp\libs\ksoap2-android-assembly-2.6.0-jar-with-dependencies.jar;D:\10032015\PinalKumar\Project\NewIODApp\libs\JLinkPointTxn.jar;D:\10032015\PinalKumar\Project\NewIODApp\libs\opentok-android-sdk-2.3.1.jar;D:\10032015\PinalKumar\Project\NewIODApp\libs\volley.jar;D:\10032015\PinalKumar\Project\NewIODApp\libs\org-apache-commons-lang.jar;D:\10032015\PinalKumar\Project\NewIODApp\libs\e4api-1.0.1.jar;D:\10032015\PinalKumar\Project\NewIODApp\libs\android-support-v4.jar;D:\10032015\PinalKumar\Project\NewIODApp\libs\jsoup-1.8.1.jar;D:\10032015\PinalKumar\Project\NewIODApp\libs\e4api-1.0.1-javadoc.jar;D:\10032015\PinalKumar\Project\NewIODApp\libs\org.apache.commons.io.jar;D:\10032015\PinalKumar\Project\NewIODApp\libs\gson-2.2.1.jar
Launcher Type: SUN_STANDARD

Environment Variables:
PATH=C:/Program Files/Java/jre1.8.0_25/bin/server;C:/Program Files/Java/jre1.8.0_25/bin;C:/Program Files/Java/jre1.8.0_25/lib/amd64;C:\ProgramData\Oracle\Java\javapath;C:\Windows\system32;C:\Windows;C:\Windows\System32\Wbem;C:\Windows\System32\WindowsPowerShell\v1.0\;D:\10032015\PinalKumar\eclipse;
USERNAME=WebcobeplusC
OS=Windows_NT
PROCESSOR_IDENTIFIER=Intel64 Family 6 Model 23 Stepping 10, GenuineIntel



---------------  S Y S T E M  ---------------

OS: Windows 7 , 64 bit Build 7600 

CPU:total 2 (2 cores per cpu, 1 threads per core) family 6 model 23 stepping 10, cmov, cx8, fxsr, mmx, sse, sse2, sse3, ssse3, sse4.1, tsc

Memory: 4k page, physical 2087224k(190020k free), swap 4174448k(1145996k free)

vm_info: Java HotSpot(TM) 64-Bit Server VM (25.25-b02) for windows-amd64 JRE (1.8.0_25-b18), built on Oct  7 2014 14:25:37 by "java_re" with MS VC++ 10.0 (VS2010)

time: Fri Mar 13 12:37:42 2015
elapsed time: 0 seconds (0d 0h 0m 0s)

