#
# A fatal error has been detected by the Java Runtime Environment:
#
#  Internal Error (javaClasses.cpp:126), pid=652, tid=1496
#  fatal error: Invalid layout of preloaded class
#
# JRE version:  (8.0_25-b18) (build )
# Java VM: Java HotSpot(TM) 64-Bit Server VM (25.25-b02 mixed mode windows-amd64 compressed oops)
# Failed to write core dump. Minidumps are not enabled by default on client versions of Windows
#
# If you would like to submit a bug report, please visit:
#   http://bugreport.sun.com/bugreport/crash.jsp
#

---------------  T H R E A D  ---------------

Current thread (0x00000000021ae000):  JavaThread "Unknown thread" [_thread_in_vm, id=1496, stack(0x00000000024a0000,0x00000000025a0000)]

Stack: [0x00000000024a0000,0x00000000025a0000]
Native frames: (J=compiled Java code, j=interpreted, Vv=VM code, C=native code)
V  [jvm.dll+0x31667a]
V  [jvm.dll+0x267073]
V  [jvm.dll+0x267cb3]
V  [jvm.dll+0x25f536]
V  [jvm.dll+0x5e773]
V  [jvm.dll+0x5e863]
V  [jvm.dll+0x731ca]
V  [jvm.dll+0x73528]
V  [jvm.dll+0xe48b7]
V  [jvm.dll+0xe4c46]
V  [jvm.dll+0x1f9ae7]
V  [jvm.dll+0x22b2e4]
V  [jvm.dll+0x14d571]
C  [javaw.exe+0x20c6]
C  [javaw.exe+0xc9eb]
C  [javaw.exe+0xca7f]
C  [kernel32.dll+0x1f56d]
C  [ntdll.dll+0x33281]


---------------  P R O C E S S  ---------------

Java Threads: ( => current thread )

Other Threads:

=>0x00000000021ae000 (exited) JavaThread "Unknown thread" [_thread_in_vm, id=1496, stack(0x00000000024a0000,0x00000000025a0000)]

VM state:not at safepoint (not fully initialized)

VM Mutex/Monitor currently owned by a thread: None

GC Heap History (0 events):
No events

Deoptimization events (0 events):
No events

Internal exceptions (0 events):
No events

Events (10 events):
Event: 1.548 loading class java/lang/CharSequence done
Event: 1.548 loading class java/lang/String done
Event: 1.548 loading class java/lang/Class
Event: 1.579 loading class java/lang/reflect/AnnotatedElement
Event: 1.604 loading class java/lang/reflect/AnnotatedElement done
Event: 1.604 loading class java/lang/reflect/GenericDeclaration
Event: 1.629 loading class java/lang/reflect/GenericDeclaration done
Event: 1.629 loading class java/lang/reflect/Type
Event: 1.636 loading class java/lang/reflect/Type done
Event: 1.636 loading class java/lang/Class done


Dynamic libraries:
0x000000013f4a0000 - 0x000000013f4d4000 	C:\Program Files\Java\jre1.8.0_25\bin\javaw.exe
0x00000000774f0000 - 0x000000007769b000 	C:\Windows\SYSTEM32\ntdll.dll
0x00000000773d0000 - 0x00000000774ef000 	C:\Windows\system32\kernel32.dll
0x000007fefd520000 - 0x000007fefd58b000 	C:\Windows\system32\KERNELBASE.dll
0x000007feff5c0000 - 0x000007feff69b000 	C:\Windows\system32\ADVAPI32.dll
0x000007fefdb90000 - 0x000007fefdc2f000 	C:\Windows\system32\msvcrt.dll
0x000007fefda60000 - 0x000007fefda7f000 	C:\Windows\SYSTEM32\sechost.dll
0x000007fefe420000 - 0x000007fefe54e000 	C:\Windows\system32\RPCRT4.dll
0x00000000772d0000 - 0x00000000773ca000 	C:\Windows\system32\USER32.dll
0x000007fefe7c0000 - 0x000007fefe827000 	C:\Windows\system32\GDI32.dll
0x000007fefe1c0000 - 0x000007fefe1ce000 	C:\Windows\system32\LPK.dll
0x000007fefe1d0000 - 0x000007fefe29a000 	C:\Windows\system32\USP10.dll
0x000007fefbe50000 - 0x000007fefc044000 	C:\Windows\WinSxS\amd64_microsoft.windows.common-controls_6595b64144ccf1df_6.0.7600.16385_none_fa645303170382f6\COMCTL32.dll
0x000007feff780000 - 0x000007feff7f1000 	C:\Windows\system32\SHLWAPI.dll
0x000007fefda30000 - 0x000007fefda5e000 	C:\Windows\system32\IMM32.DLL
0x000007fefda80000 - 0x000007fefdb89000 	C:\Windows\system32\MSCTF.dll
0x0000000073290000 - 0x0000000073362000 	C:\Program Files\Java\jre1.8.0_25\bin\msvcr100.dll
0x000000006bc70000 - 0x000000006c4ca000 	C:\Program Files\Java\jre1.8.0_25\bin\server\jvm.dll
0x000007fef53d0000 - 0x000007fef53d9000 	C:\Windows\system32\WSOCK32.dll
0x000007fefdcf0000 - 0x000007fefdd3d000 	C:\Windows\system32\WS2_32.dll
0x000007fefe7b0000 - 0x000007fefe7b8000 	C:\Windows\system32\NSI.dll
0x000007fefb350000 - 0x000007fefb38b000 	C:\Windows\system32\WINMM.dll
0x00000000776b0000 - 0x00000000776b7000 	C:\Windows\system32\PSAPI.DLL
0x0000000074dc0000 - 0x0000000074dcf000 	C:\Program Files\Java\jre1.8.0_25\bin\verify.dll
0x0000000073f80000 - 0x0000000073fa8000 	C:\Program Files\Java\jre1.8.0_25\bin\java.dll
0x0000000073f60000 - 0x0000000073f76000 	C:\Program Files\Java\jre1.8.0_25\bin\zip.dll
0x000007fef3ab0000 - 0x000007fef3bd5000 	C:\Windows\system32\dbghelp.dll

VM Arguments:
jvm_args: -Dfile.encoding=Cp1252 -Xbootclasspath:D:\10032015\android-sdk-windows\android-sdk-windows\platforms\android-17\android.jar 
java_command: com.iodapp.util.ByteConveter
java_class_path (initial): D:\10032015\PinalKumar\Project\NewIODApp\bin\classes;D:\10032015\PinalKumar\Project\NewIODApp\libs\ksoap2-android-assembly-2.6.0-jar-with-dependencies.jar;D:\10032015\PinalKumar\Project\NewIODApp\libs\JLinkPointTxn.jar;D:\10032015\PinalKumar\Project\NewIODApp\libs\opentok-android-sdk-2.3.1.jar;D:\10032015\PinalKumar\Project\NewIODApp\libs\volley.jar;D:\10032015\PinalKumar\Project\NewIODApp\libs\org-apache-commons-lang.jar;D:\10032015\PinalKumar\Project\NewIODApp\libs\e4api-1.0.1.jar;D:\10032015\PinalKumar\Project\NewIODApp\libs\android-support-v4.jar;D:\10032015\PinalKumar\Project\NewIODApp\libs\jsoup-1.8.1.jar;D:\10032015\PinalKumar\Project\NewIODApp\libs\e4api-1.0.1-javadoc.jar;D:\10032015\PinalKumar\Project\NewIODApp\libs\org.apache.commons.io.jar;D:\10032015\PinalKumar\Project\NewIODApp\libs\gson-2.2.1.jar
Launcher Type: SUN_STANDARD

Environment Variables:
PATH=C:/Program Files/Java/jre1.8.0_25/bin/server;C:/Program Files/Java/jre1.8.0_25/bin;C:/Program Files/Java/jre1.8.0_25/lib/amd64;C:\ProgramData\Oracle\Java\javapath;C:\Windows\system32;C:\Windows;C:\Windows\System32\Wbem;C:\Windows\System32\WindowsPowerShell\v1.0\;D:\10032015\PinalKumar\eclipse;
USERNAME=WebcobeplusC
OS=Windows_NT
PROCESSOR_IDENTIFIER=Intel64 Family 6 Model 23 Stepping 10, GenuineIntel



---------------  S Y S T E M  ---------------

OS: Windows 7 , 64 bit Build 7600 

CPU:total 2 (2 cores per cpu, 1 threads per core) family 6 model 23 stepping 10, cmov, cx8, fxsr, mmx, sse, sse2, sse3, ssse3, sse4.1, tsc

Memory: 4k page, physical 2087224k(50688k free), swap 4174448k(1128260k free)

vm_info: Java HotSpot(TM) 64-Bit Server VM (25.25-b02) for windows-amd64 JRE (1.8.0_25-b18), built on Oct  7 2014 14:25:37 by "java_re" with MS VC++ 10.0 (VS2010)

time: Fri Mar 20 16:51:35 2015
elapsed time: 2 seconds (0d 0h 0m 2s)

